EMS-Android/app/build/outputs/logs/manifest-merger-debug-report.txt
-- Merging decision tree log ---
provider#android.support.v4.content.FileProvider
INJECTED from src/main/AndroidManifest.xml:148:9-156:20
	android:grantUriPermissions
		ADDED from src/main/AndroidManifest.xml:152:13-47
	android:authorities
		INJECTED from src/main/AndroidManifest.xml
		ADDED from src/main/AndroidManifest.xml:150:13-60
	android:exported
		ADDED from src/main/AndroidManifest.xml:151:13-37
	android:name
		ADDED from src/main/AndroidManifest.xml:149:13-67
provider#com.google.firebase.provider.FirebaseInitProvider
INJECTED from src/main/AndroidManifest.xml:157:9-161:35
REJECTED from [com.google.firebase:firebase-common:17.1.0] AndroidManifest.xml:12:9-16:39
	tools:node
		ADDED from src/main/AndroidManifest.xml:161:13-32
	android:authorities
		INJECTED from src/main/AndroidManifest.xml
		ADDED from src/main/AndroidManifest.xml:159:13-72
	android:exported
		ADDED from src/main/AndroidManifest.xml:160:13-37
	android:name
		ADDED from src/main/AndroidManifest.xml:158:13-77
manifest
ADDED from src/main/AndroidManifest.xml:2:1-164:12
INJECTED from src/main/AndroidManifest.xml:2:1-164:12
INJECTED from src/main/AndroidManifest.xml:2:1-164:12
INJECTED from src/main/AndroidManifest.xml:2:1-164:12
MERGED from [com.android.support:multidex-instrumentation:1.0.3] AndroidManifest.xml:17:1-22:12
MERGED from [com.android.support:multidex:1.0.3] AndroidManifest.xml:17:1-22:12
MERGED from [com.devbrackets.android:exomedia:4.3.0] AndroidManifest.xml:2:1-13:12
MERGED from [com.google.android.exoplayer:exoplayer:2.9.6] AndroidManifest.xml:17:1-24:12
MERGED from [com.cleveroad:audiovisualization:1.0.1] AndroidManifest.xml:2:1-11:12
MERGED from [com.squareup.picasso:picasso:2.71828] AndroidManifest.xml:2:1-14:12
MERGED from [com.onesignal:OneSignal:3.13.0] AndroidManifest.xml:2:1-106:12
MERGED from [com.github.bumptech.glide:glide:4.8.0] AndroidManifest.xml:2:1-12:12
MERGED from [com.duolingo.open:rtl-viewpager:1.0.2] AndroidManifest.xml:17:1-25:12
MERGED from [com.github.chrisbanes:PhotoView:1.3.0] AndroidManifest.xml:2:1-12:12
MERGED from [com.android.volley:volley:1.1.1] AndroidManifest.xml:2:1-11:12
MERGED from [com.android.support:exifinterface:28.0.0] AndroidManifest.xml:17:1-22:12
MERGED from [com.android.support:design:28.0.0] AndroidManifest.xml:17:1-24:12
MERGED from [com.android.support:cardview-v7:28.0.0] AndroidManifest.xml:17:1-22:12
MERGED from [com.google.android.gms:play-services-oss-licenses:16.0.2] AndroidManifest.xml:17:1-29:12
MERGED from [com.android.support:appcompat-v7:28.0.0] AndroidManifest.xml:17:1-22:12
MERGED from [com.android.support:recyclerview-v7:28.0.0] AndroidManifest.xml:17:1-22:12
MERGED from [com.google.android.gms:play-services-gcm:16.1.0] AndroidManifest.xml:17:1-28:12
MERGED from [com.google.android.gms:play-services-ads:16.0.0] AndroidManifest.xml:17:1-25:12
MERGED from [com.google.android.gms:play-services-maps:16.1.0] AndroidManifest.xml:17:1-38:12
MERGED from [com.google.firebase:firebase-messaging:17.6.0] AndroidManifest.xml:17:1-37:12
MERGED from [com.google.android.gms:play-services-location:16.0.0] AndroidManifest.xml:2:1-9:12
MERGED from [com.google.android.gms:play-services-ads-identifier:16.0.0] AndroidManifest.xml:17:1-24:12
MERGED from [com.google.android.gms:play-services-iid:16.0.1] AndroidManifest.xml:17:1-28:12
MERGED from [com.google.firebase:firebase-iid:17.1.2] AndroidManifest.xml:17:1-59:12
MERGED from [com.google.firebase:firebase-iid-interop:17.0.0] AndroidManifest.xml:2:1-10:12
MERGED from [com.google.android.gms:play-services-base:16.1.0] AndroidManifest.xml:17:1-29:12
MERGED from [com.google.firebase:firebase-common:17.1.0] AndroidManifest.xml:2:1-19:12
MERGED from [com.google.android.gms:play-services-tasks:16.0.1] AndroidManifest.xml:2:1-9:12
MERGED from [com.google.android.gms:play-services-stats:16.0.1] AndroidManifest.xml:2:1-9:12
MERGED from [com.google.android.gms:play-services-ads-lite:16.0.0] AndroidManifest.xml:17:1-36:12
MERGED from [com.google.android.gms:play-services-gass:16.0.0] AndroidManifest.xml:2:1-9:12
MERGED from [com.google.firebase:firebase-measurement-connector:17.0.1] AndroidManifest.xml:17:1-25:12
MERGED from [com.google.android.gms:play-services-places-placereport:16.0.0] AndroidManifest.xml:17:1-24:12
MERGED from [com.google.android.gms:play-services-basement:16.2.0] AndroidManifest.xml:17:1-28:12
MERGED from [com.android.support:support-v4:28.0.0] AndroidManifest.xml:17:1-22:12
MERGED from [com.android.support:support-fragment:28.0.0] AndroidManifest.xml:17:1-22:12
MERGED from [com.android.support:customtabs:28.0.0] AndroidManifest.xml:17:1-22:12
MERGED from [com.android.support:animated-vector-drawable:28.0.0] AndroidManifest.xml:17:1-22:12
MERGED from [com.android.support:support-core-ui:28.0.0] AndroidManifest.xml:17:1-22:12
MERGED from [com.android.support:support-core-utils:28.0.0] AndroidManifest.xml:17:1-22:12
MERGED from [com.google.android.exoplayer:exoplayer-ui:2.9.6] AndroidManifest.xml:17:1-24:12
MERGED from [com.android.support:support-media-compat:28.0.0] AndroidManifest.xml:17:1-22:12
MERGED from [com.android.support.constraint:constraint-layout:1.1.3] AndroidManifest.xml:2:1-11:12
MERGED from [com.google.maps.android:android-maps-utils:0.5] AndroidManifest.xml:2:1-13:12
MERGED from [com.google.android.exoplayer:exoplayer-dash:2.9.6] AndroidManifest.xml:17:1-24:12
MERGED from [com.google.android.exoplayer:exoplayer-hls:2.9.6] AndroidManifest.xml:17:1-24:12
MERGED from [com.google.android.exoplayer:exoplayer-smoothstreaming:2.9.6] AndroidManifest.xml:17:1-24:12
MERGED from [com.google.android.exoplayer:exoplayer-core:2.9.6] AndroidManifest.xml:17:1-26:12
MERGED from [com.github.bumptech.glide:gifdecoder:4.8.0] AndroidManifest.xml:2:1-11:12
MERGED from [com.android.support:support-vector-drawable:28.0.0] AndroidManifest.xml:17:1-22:12
MERGED from [com.android.support:transition:28.0.0] AndroidManifest.xml:17:1-22:12
MERGED from [com.android.support:loader:28.0.0] AndroidManifest.xml:17:1-22:12
MERGED from [com.android.support:viewpager:28.0.0] AndroidManifest.xml:17:1-22:12
MERGED from [com.android.support:coordinatorlayout:28.0.0] AndroidManifest.xml:17:1-22:12
MERGED from [com.android.support:drawerlayout:28.0.0] AndroidManifest.xml:17:1-22:12
MERGED from [com.android.support:slidingpanelayout:28.0.0] AndroidManifest.xml:17:1-22:12
MERGED from [com.android.support:customview:28.0.0] AndroidManifest.xml:17:1-22:12
MERGED from [com.android.support:swiperefreshlayout:28.0.0] AndroidManifest.xml:17:1-22:12
MERGED from [com.android.support:asynclayoutinflater:28.0.0] AndroidManifest.xml:17:1-22:12
MERGED from [com.android.support:support-compat:28.0.0] AndroidManifest.xml:17:1-24:12
MERGED from [com.android.support:versionedparcelable:28.0.0] AndroidManifest.xml:17:1-25:12
MERGED from [com.android.support:cursoradapter:28.0.0] AndroidManifest.xml:17:1-22:12
MERGED from [com.android.support:documentfile:28.0.0] AndroidManifest.xml:17:1-22:12
MERGED from [com.android.support:localbroadcastmanager:28.0.0] AndroidManifest.xml:17:1-22:12
MERGED from [com.android.support:print:28.0.0] AndroidManifest.xml:17:1-22:12
MERGED from [com.android.support:interpolator:28.0.0] AndroidManifest.xml:17:1-22:12
MERGED from [android.arch.lifecycle:viewmodel:1.1.1] AndroidManifest.xml:17:1-22:12
MERGED from [android.arch.lifecycle:runtime:1.1.1] AndroidManifest.xml:17:1-22:12
MERGED from [android.arch.lifecycle:livedata:1.1.1] AndroidManifest.xml:17:1-22:12
MERGED from [android.arch.lifecycle:livedata-core:1.1.1] AndroidManifest.xml:17:1-22:12
MERGED from [android.arch.core:runtime:1.1.1] AndroidManifest.xml:17:1-22:12
MERGED from [com.google.android.gms:play-services-ads-base:16.0.0] AndroidManifest.xml:17:1-24:12
INJECTED from src/main/AndroidManifest.xml:2:1-164:12
INJECTED from src/main/AndroidManifest.xml:2:1-164:12
INJECTED from src/main/AndroidManifest.xml:2:1-164:12
	package
		ADDED from src/main/AndroidManifest.xml:4:5-36
		INJECTED from src/main/AndroidManifest.xml
		INJECTED from src/main/AndroidManifest.xml
	android:versionName
		ADDED from src/main/AndroidManifest.xml:6:5-30
		INJECTED from src/main/AndroidManifest.xml
		INJECTED from src/main/AndroidManifest.xml
	xmlns:tools
		ADDED from src/main/AndroidManifest.xml:3:5-51
	xmlns:android
		ADDED from src/main/AndroidManifest.xml:2:11-69
	android:versionCode
		ADDED from src/main/AndroidManifest.xml:5:5-28
		INJECTED from src/main/AndroidManifest.xml
		INJECTED from src/main/AndroidManifest.xml
uses-permission#android.permission.ACCESS_WIFI_STATE
ADDED from src/main/AndroidManifest.xml:8:5-76
	android:name
		ADDED from src/main/AndroidManifest.xml:8:22-73
uses-permission#android.permission.ACCESS_NETWORK_STATE
ADDED from src/main/AndroidManifest.xml:9:5-79
MERGED from [com.onesignal:OneSignal:3.13.0] AndroidManifest.xml:24:5-79
MERGED from [com.onesignal:OneSignal:3.13.0] AndroidManifest.xml:24:5-79
MERGED from [com.google.android.gms:play-services-maps:16.1.0] AndroidManifest.xml:23:5-79
MERGED from [com.google.android.gms:play-services-maps:16.1.0] AndroidManifest.xml:23:5-79
MERGED from [com.google.firebase:firebase-iid:17.1.2] AndroidManifest.xml:22:5-79
MERGED from [com.google.firebase:firebase-iid:17.1.2] AndroidManifest.xml:22:5-79
MERGED from [com.google.android.gms:play-services-ads-lite:16.0.0] AndroidManifest.xml:24:5-79
MERGED from [com.google.android.gms:play-services-ads-lite:16.0.0] AndroidManifest.xml:24:5-79
MERGED from [com.google.android.exoplayer:exoplayer-core:2.9.6] AndroidManifest.xml:24:5-79
MERGED from [com.google.android.exoplayer:exoplayer-core:2.9.6] AndroidManifest.xml:24:5-79
	android:name
		ADDED from src/main/AndroidManifest.xml:9:22-76
uses-permission#android.permission.INTERNET
ADDED from src/main/AndroidManifest.xml:10:5-67
MERGED from [com.onesignal:OneSignal:3.13.0] AndroidManifest.xml:16:5-67
MERGED from [com.onesignal:OneSignal:3.13.0] AndroidManifest.xml:16:5-67
MERGED from [com.google.android.gms:play-services-gcm:16.1.0] AndroidManifest.xml:24:5-67
MERGED from [com.google.android.gms:play-services-gcm:16.1.0] AndroidManifest.xml:24:5-67
MERGED from [com.google.android.gms:play-services-maps:16.1.0] AndroidManifest.xml:24:5-67
MERGED from [com.google.android.gms:play-services-maps:16.1.0] AndroidManifest.xml:24:5-67
MERGED from [com.google.android.gms:play-services-iid:16.0.1] AndroidManifest.xml:24:5-67
MERGED from [com.google.android.gms:play-services-iid:16.0.1] AndroidManifest.xml:24:5-67
MERGED from [com.google.firebase:firebase-iid:17.1.2] AndroidManifest.xml:23:5-67
MERGED from [com.google.firebase:firebase-iid:17.1.2] AndroidManifest.xml:23:5-67
MERGED from [com.google.android.gms:play-services-ads-lite:16.0.0] AndroidManifest.xml:23:5-67
MERGED from [com.google.android.gms:play-services-ads-lite:16.0.0] AndroidManifest.xml:23:5-67
	android:name
		ADDED from src/main/AndroidManifest.xml:10:22-64
uses-permission#android.permission.WRITE_EXTERNAL_STORAGE
ADDED from src/main/AndroidManifest.xml:11:5-81
	android:name
		ADDED from src/main/AndroidManifest.xml:11:22-78
uses-permission#android.permission.READ_EXTERNAL_STORAGE
ADDED from src/main/AndroidManifest.xml:12:5-80
	android:name
		ADDED from src/main/AndroidManifest.xml:12:22-77
uses-permission#android.permission.WAKE_LOCK
ADDED from src/main/AndroidManifest.xml:13:5-68
MERGED from [com.onesignal:OneSignal:3.13.0] AndroidManifest.xml:18:5-68
MERGED from [com.onesignal:OneSignal:3.13.0] AndroidManifest.xml:18:5-68
MERGED from [com.google.firebase:firebase-iid:17.1.2] AndroidManifest.xml:24:5-68
MERGED from [com.google.firebase:firebase-iid:17.1.2] AndroidManifest.xml:24:5-68
	android:name
		ADDED from src/main/AndroidManifest.xml:13:22-65
uses-permission#com.google.android.providers.gsf.permission.READ_GSERVICES
ADDED from src/main/AndroidManifest.xml:14:5-98
	android:name
		ADDED from src/main/AndroidManifest.xml:14:22-95
uses-permission#android.permission.ACCESS_FINE_LOCATION
ADDED from src/main/AndroidManifest.xml:15:5-79
	android:name
		ADDED from src/main/AndroidManifest.xml:15:22-76
uses-permission#android.permission.RECORD_AUDIO
ADDED from src/main/AndroidManifest.xml:16:5-71
	android:name
		ADDED from src/main/AndroidManifest.xml:16:22-68
uses-permission#android.permission.MODIFY_AUDIO_SETTINGS
ADDED from src/main/AndroidManifest.xml:17:5-80
	android:name
		ADDED from src/main/AndroidManifest.xml:17:22-77
uses-permission#android.permission.READ_PHONE_STATE
ADDED from src/main/AndroidManifest.xml:18:5-75
	android:name
		ADDED from src/main/AndroidManifest.xml:18:22-72
uses-permission#android.permission.FOREGROUND_SERVICE
ADDED from src/main/AndroidManifest.xml:19:5-77
	android:name
		ADDED from src/main/AndroidManifest.xml:19:22-74
uses-permission#android.permission.SET_WALLPAPER
ADDED from src/main/AndroidManifest.xml:20:5-72
	android:name
		ADDED from src/main/AndroidManifest.xml:20:22-69
uses-permission#com.android.vending.BILLING
ADDED from src/main/AndroidManifest.xml:21:5-67
	android:name
		ADDED from src/main/AndroidManifest.xml:21:22-64
uses-feature#0x00020000
ADDED from src/main/AndroidManifest.xml:23:5-25:35
MERGED from [com.google.android.gms:play-services-maps:16.1.0] AndroidManifest.xml:26:5-28:35
MERGED from [com.google.android.gms:play-services-maps:16.1.0] AndroidManifest.xml:26:5-28:35
	android:glEsVersion
		ADDED from src/main/AndroidManifest.xml:24:9-41
	android:required
		ADDED from src/main/AndroidManifest.xml:25:9-32
application
ADDED from src/main/AndroidManifest.xml:27:5-162:19
MERGED from [com.devbrackets.android:exomedia:4.3.0] AndroidManifest.xml:11:5-20
MERGED from [com.devbrackets.android:exomedia:4.3.0] AndroidManifest.xml:11:5-20
MERGED from [com.squareup.picasso:picasso:2.71828] AndroidManifest.xml:7:5-12:19
MERGED from [com.squareup.picasso:picasso:2.71828] AndroidManifest.xml:7:5-12:19
MERGED from [com.onesignal:OneSignal:3.13.0] AndroidManifest.xml:48:5-104:19
MERGED from [com.onesignal:OneSignal:3.13.0] AndroidManifest.xml:48:5-104:19
MERGED from [com.github.bumptech.glide:glide:4.8.0] AndroidManifest.xml:10:5-20
MERGED from [com.github.bumptech.glide:glide:4.8.0] AndroidManifest.xml:10:5-20
MERGED from [com.android.volley:volley:1.1.1] AndroidManifest.xml:9:5-20
MERGED from [com.android.volley:volley:1.1.1] AndroidManifest.xml:9:5-20
MERGED from [com.android.support:design:28.0.0] AndroidManifest.xml:22:5-20
MERGED from [com.android.support:design:28.0.0] AndroidManifest.xml:22:5-20
MERGED from [com.google.android.gms:play-services-oss-licenses:16.0.2] AndroidManifest.xml:22:5-27:19
MERGED from [com.google.android.gms:play-services-oss-licenses:16.0.2] AndroidManifest.xml:22:5-27:19
MERGED from [com.google.android.gms:play-services-gcm:16.1.0] AndroidManifest.xml:26:5-20
MERGED from [com.google.android.gms:play-services-gcm:16.1.0] AndroidManifest.xml:26:5-20
MERGED from [com.google.android.gms:play-services-maps:16.1.0] AndroidManifest.xml:30:5-36:19
MERGED from [com.google.android.gms:play-services-maps:16.1.0] AndroidManifest.xml:30:5-36:19
MERGED from [com.google.firebase:firebase-messaging:17.6.0] AndroidManifest.xml:22:5-35:19
MERGED from [com.google.firebase:firebase-messaging:17.6.0] AndroidManifest.xml:22:5-35:19
MERGED from [com.google.android.gms:play-services-location:16.0.0] AndroidManifest.xml:7:5-20
MERGED from [com.google.android.gms:play-services-location:16.0.0] AndroidManifest.xml:7:5-20
MERGED from [com.google.android.gms:play-services-ads-identifier:16.0.0] AndroidManifest.xml:22:5-20
MERGED from [com.google.android.gms:play-services-ads-identifier:16.0.0] AndroidManifest.xml:22:5-20
MERGED from [com.google.android.gms:play-services-iid:16.0.1] AndroidManifest.xml:26:5-20
MERGED from [com.google.android.gms:play-services-iid:16.0.1] AndroidManifest.xml:26:5-20
MERGED from [com.google.firebase:firebase-iid:17.1.2] AndroidManifest.xml:28:5-57:19
MERGED from [com.google.firebase:firebase-iid:17.1.2] AndroidManifest.xml:28:5-57:19
MERGED from [com.google.firebase:firebase-iid-interop:17.0.0] AndroidManifest.xml:7:5-8:19
MERGED from [com.google.firebase:firebase-iid-interop:17.0.0] AndroidManifest.xml:7:5-8:19
MERGED from [com.google.android.gms:play-services-base:16.1.0] AndroidManifest.xml:22:5-27:19
MERGED from [com.google.android.gms:play-services-base:16.1.0] AndroidManifest.xml:22:5-27:19
MERGED from [com.google.firebase:firebase-common:17.1.0] AndroidManifest.xml:11:5-17:19
MERGED from [com.google.firebase:firebase-common:17.1.0] AndroidManifest.xml:11:5-17:19
MERGED from [com.google.android.gms:play-services-tasks:16.0.1] AndroidManifest.xml:7:5-20
MERGED from [com.google.android.gms:play-services-tasks:16.0.1] AndroidManifest.xml:7:5-20
MERGED from [com.google.android.gms:play-services-stats:16.0.1] AndroidManifest.xml:7:5-20
MERGED from [com.google.android.gms:play-services-stats:16.0.1] AndroidManifest.xml:7:5-20
MERGED from [com.google.android.gms:play-services-ads-lite:16.0.0] AndroidManifest.xml:26:5-34:19
MERGED from [com.google.android.gms:play-services-ads-lite:16.0.0] AndroidManifest.xml:26:5-34:19
MERGED from [com.google.android.gms:play-services-gass:16.0.0] AndroidManifest.xml:7:5-20
MERGED from [com.google.android.gms:play-services-gass:16.0.0] AndroidManifest.xml:7:5-20
MERGED from [com.google.firebase:firebase-measurement-connector:17.0.1] AndroidManifest.xml:22:5-23:19
MERGED from [com.google.firebase:firebase-measurement-connector:17.0.1] AndroidManifest.xml:22:5-23:19
MERGED from [com.google.android.gms:play-services-places-placereport:16.0.0] AndroidManifest.xml:22:5-20
MERGED from [com.google.android.gms:play-services-places-placereport:16.0.0] AndroidManifest.xml:22:5-20
MERGED from [com.google.android.gms:play-services-basement:16.2.0] AndroidManifest.xml:22:5-26:19
MERGED from [com.google.android.gms:play-services-basement:16.2.0] AndroidManifest.xml:22:5-26:19
MERGED from [com.android.support.constraint:constraint-layout:1.1.3] AndroidManifest.xml:9:5-20
MERGED from [com.android.support.constraint:constraint-layout:1.1.3] AndroidManifest.xml:9:5-20
MERGED from [com.google.maps.android:android-maps-utils:0.5] AndroidManifest.xml:7:5-11:19
MERGED from [com.google.maps.android:android-maps-utils:0.5] AndroidManifest.xml:7:5-11:19
MERGED from [com.github.bumptech.glide:gifdecoder:4.8.0] AndroidManifest.xml:9:5-20
MERGED from [com.github.bumptech.glide:gifdecoder:4.8.0] AndroidManifest.xml:9:5-20
MERGED from [com.android.support:support-compat:28.0.0] AndroidManifest.xml:22:5-94
MERGED from [com.android.support:support-compat:28.0.0] AndroidManifest.xml:22:5-94
MERGED from [com.android.support:versionedparcelable:28.0.0] AndroidManifest.xml:22:5-23:19
MERGED from [com.android.support:versionedparcelable:28.0.0] AndroidManifest.xml:22:5-23:19
MERGED from [com.google.android.gms:play-services-ads-base:16.0.0] AndroidManifest.xml:22:5-20
MERGED from [com.google.android.gms:play-services-ads-base:16.0.0] AndroidManifest.xml:22:5-20
	android:appComponentFactory
		ADDED from [com.android.support:support-compat:28.0.0] AndroidManifest.xml:22:18-91
	android:supportsRtl
		ADDED from src/main/AndroidManifest.xml:32:9-36
	android:label
		ADDED from src/main/AndroidManifest.xml:31:9-41
	tools:ignore
		ADDED from src/main/AndroidManifest.xml:35:9-48
	android:icon
		ADDED from src/main/AndroidManifest.xml:30:9-45
	android:allowBackup
		ADDED from src/main/AndroidManifest.xml:29:9-35
	android:theme
		ADDED from src/main/AndroidManifest.xml:33:9-40
	tools:replace
		ADDED from src/main/AndroidManifest.xml:36:9-37
	android:usesCleartextTraffic
		ADDED from src/main/AndroidManifest.xml:34:9-44
	android:name
		ADDED from src/main/AndroidManifest.xml:28:9-28
activity#com.sherdle.universal.ChattingActivity
ADDED from src/main/AndroidManifest.xml:37:9-38:25
	android:name
		ADDED from src/main/AndroidManifest.xml:37:19-51
activity#com.sherdle.universal.UpdateUserActivity
ADDED from src/main/AndroidManifest.xml:39:9-56
	android:name
		ADDED from src/main/AndroidManifest.xml:39:19-53
activity#com.sherdle.universal.HomeActivity
ADDED from src/main/AndroidManifest.xml:40:9-50
	android:name
		ADDED from src/main/AndroidManifest.xml:40:19-47
activity#com.sherdle.universal.MainActivity
ADDED from src/main/AndroidManifest.xml:41:9-48:20
	android:label
		ADDED from src/main/AndroidManifest.xml:44:13-46
	android:configChanges
		ADDED from src/main/AndroidManifest.xml:43:13-59
	android:name
		ADDED from src/main/AndroidManifest.xml:42:13-41
intent-filter#action:name:android.intent.action.MAIN
ADDED from src/main/AndroidManifest.xml:45:13-47:29
action#android.intent.action.MAIN
ADDED from src/main/AndroidManifest.xml:46:17-69
	android:name
		ADDED from src/main/AndroidManifest.xml:46:25-66
activity#com.sherdle.universal.LoginActivity
ADDED from src/main/AndroidManifest.xml:49:9-55:20
	android:name
		ADDED from src/main/AndroidManifest.xml:49:19-48
activity#com.sherdle.universal.DashboardActivity
ADDED from src/main/AndroidManifest.xml:56:9-60:20
	android:name
		ADDED from src/main/AndroidManifest.xml:56:19-52
activity#com.sherdle.universal.providers.rss.ui.RssDetailActivity
ADDED from src/main/AndroidManifest.xml:61:9-72
	android:name
		ADDED from src/main/AndroidManifest.xml:61:19-69
activity#com.sherdle.universal.providers.youtube.ui.YoutubeDetailActivity
ADDED from src/main/AndroidManifest.xml:62:9-80
	android:name
		ADDED from src/main/AndroidManifest.xml:62:19-77
activity#com.sherdle.universal.providers.wordpress.ui.WordpressDetailActivity
ADDED from src/main/AndroidManifest.xml:63:9-84
	android:name
		ADDED from src/main/AndroidManifest.xml:63:19-81
activity#com.sherdle.universal.comments.CommentsActivity
ADDED from src/main/AndroidManifest.xml:64:9-66:62
	android:configChanges
		ADDED from src/main/AndroidManifest.xml:66:13-59
	android:name
		ADDED from src/main/AndroidManifest.xml:65:13-54
activity#com.sherdle.universal.HolderActivity
ADDED from src/main/AndroidManifest.xml:67:9-69:62
	android:configChanges
		ADDED from src/main/AndroidManifest.xml:69:13-59
	android:name
		ADDED from src/main/AndroidManifest.xml:68:13-43
activity#com.sherdle.universal.attachmentviewer.ui.AttachmentActivity
ADDED from src/main/AndroidManifest.xml:70:9-72:62
	android:configChanges
		ADDED from src/main/AndroidManifest.xml:72:13-59
	android:name
		ADDED from src/main/AndroidManifest.xml:71:13-67
activity#com.sherdle.universal.NewAwardActivity
ADDED from src/main/AndroidManifest.xml:73:9-77:20
	android:name
		ADDED from src/main/AndroidManifest.xml:73:19-51
activity#com.sherdle.universal.attachmentviewer.ui.AudioPlayerActivity
ADDED from src/main/AndroidManifest.xml:78:9-80:62
	android:configChanges
		ADDED from src/main/AndroidManifest.xml:80:13-59
	android:name
		ADDED from src/main/AndroidManifest.xml:79:13-68
activity#com.sherdle.universal.attachmentviewer.ui.VideoPlayerActivity
ADDED from src/main/AndroidManifest.xml:81:9-83:62
	android:configChanges
		ADDED from src/main/AndroidManifest.xml:83:13-59
	android:name
		ADDED from src/main/AndroidManifest.xml:82:13-68
activity#com.sherdle.universal.providers.woocommerce.ui.CheckoutActivity
ADDED from src/main/AndroidManifest.xml:84:9-86:62
	android:configChanges
		ADDED from src/main/AndroidManifest.xml:86:13-59
	android:name
		ADDED from src/main/AndroidManifest.xml:85:13-70
activity#com.sherdle.universal.providers.woocommerce.ui.WooCommerceLoginActivity
ADDED from src/main/AndroidManifest.xml:87:9-90:72
	android:configChanges
		ADDED from src/main/AndroidManifest.xml:89:13-59
	android:theme
		ADDED from src/main/AndroidManifest.xml:90:13-69
	android:name
		ADDED from src/main/AndroidManifest.xml:88:13-78
activity#com.sherdle.universal.providers.tumblr.ui.TumblrPagerActivity
ADDED from src/main/AndroidManifest.xml:91:9-93:69
	android:theme
		ADDED from src/main/AndroidManifest.xml:93:13-66
	android:name
		ADDED from src/main/AndroidManifest.xml:92:13-68
activity#com.sherdle.universal.providers.youtube.player.YouTubePlayerActivity
ADDED from src/main/AndroidManifest.xml:94:9-98:80
	android:screenOrientation
		ADDED from src/main/AndroidManifest.xml:97:13-47
	android:configChanges
		ADDED from src/main/AndroidManifest.xml:96:13-74
	android:theme
		ADDED from src/main/AndroidManifest.xml:98:13-77
	android:name
		ADDED from src/main/AndroidManifest.xml:95:13-75
activity#com.google.android.gms.ads.AdActivity
ADDED from src/main/AndroidManifest.xml:99:9-102:64
MERGED from [com.google.android.gms:play-services-ads-lite:16.0.0] AndroidManifest.xml:29:9-33:64
MERGED from [com.google.android.gms:play-services-ads-lite:16.0.0] AndroidManifest.xml:29:9-33:64
	android:exported
		ADDED from [com.google.android.gms:play-services-ads-lite:16.0.0] AndroidManifest.xml:32:13-37
	android:configChanges
		ADDED from src/main/AndroidManifest.xml:101:13-122
	android:theme
		ADDED from src/main/AndroidManifest.xml:102:13-61
	android:name
		ADDED from src/main/AndroidManifest.xml:100:13-65
activity#com.google.android.gms.oss.licenses.OssLicensesMenuActivity
ADDED from src/main/AndroidManifest.xml:103:9-105:77
MERGED from [com.google.android.gms:play-services-oss-licenses:16.0.2] AndroidManifest.xml:23:9-25:57
MERGED from [com.google.android.gms:play-services-oss-licenses:16.0.2] AndroidManifest.xml:23:9-25:57
	android:label
		ADDED from [com.google.android.gms:play-services-oss-licenses:16.0.2] AndroidManifest.xml:25:13-54
	android:theme
		ADDED from src/main/AndroidManifest.xml:105:13-74
	android:name
		ADDED from src/main/AndroidManifest.xml:104:13-87
activity#com.google.android.gms.oss.licenses.OssLicensesActivity
ADDED from src/main/AndroidManifest.xml:106:9-108:77
MERGED from [com.google.android.gms:play-services-oss-licenses:16.0.2] AndroidManifest.xml:26:9-92
MERGED from [com.google.android.gms:play-services-oss-licenses:16.0.2] AndroidManifest.xml:26:9-92
	android:theme
		ADDED from src/main/AndroidManifest.xml:108:13-74
	android:name
		ADDED from src/main/AndroidManifest.xml:107:13-83
service#com.sherdle.universal.providers.soundcloud.player.player.PlaybackService
ADDED from src/main/AndroidManifest.xml:109:9-111:40
	android:exported
		ADDED from src/main/AndroidManifest.xml:111:13-37
	android:name
		ADDED from src/main/AndroidManifest.xml:110:13-79
service#com.sherdle.universal.providers.radio.player.RadioService
ADDED from src/main/AndroidManifest.xml:112:9-72
	android:name
		ADDED from src/main/AndroidManifest.xml:112:18-69
service#com.sherdle.universal.attachmentviewer.MusicService
ADDED from src/main/AndroidManifest.xml:113:9-66
	android:name
		ADDED from src/main/AndroidManifest.xml:113:18-63
receiver#android.support.v4.media.session.MediaButtonReceiver
ADDED from src/main/AndroidManifest.xml:120:9-124:20
	android:name
		ADDED from src/main/AndroidManifest.xml:120:19-86
intent-filter#action:name:android.intent.action.MEDIA_BUTTON
ADDED from src/main/AndroidManifest.xml:121:13-123:29
action#android.intent.action.MEDIA_BUTTON
ADDED from src/main/AndroidManifest.xml:122:17-77
	android:name
		ADDED from src/main/AndroidManifest.xml:122:25-74
receiver#com.sherdle.universal.providers.soundcloud.player.media.MediaSessionReceiver
ADDED from src/main/AndroidManifest.xml:125:9-129:20
	android:name
		ADDED from src/main/AndroidManifest.xml:125:19-89
meta-data#com.onesignal.NotificationOpened.DEFAULT
ADDED from src/main/AndroidManifest.xml:138:9-140:39
	android:value
		ADDED from src/main/AndroidManifest.xml:140:13-36
	android:name
		ADDED from src/main/AndroidManifest.xml:139:13-68
meta-data#com.google.android.gms.version
ADDED from src/main/AndroidManifest.xml:141:9-143:69
MERGED from [com.google.android.gms:play-services-basement:16.2.0] AndroidManifest.xml:23:9-25:69
MERGED from [com.google.android.gms:play-services-basement:16.2.0] AndroidManifest.xml:23:9-25:69
MERGED from [com.google.maps.android:android-maps-utils:0.5] AndroidManifest.xml:8:9-10:69
MERGED from [com.google.maps.android:android-maps-utils:0.5] AndroidManifest.xml:8:9-10:69
	android:value
		ADDED from src/main/AndroidManifest.xml:143:13-66
	android:name
		ADDED from src/main/AndroidManifest.xml:142:13-58
meta-data#com.google.android.maps.v2.API_KEY
ADDED from src/main/AndroidManifest.xml:144:9-146:58
	android:value
		ADDED from src/main/AndroidManifest.xml:146:13-55
	android:name
		ADDED from src/main/AndroidManifest.xml:145:13-62
uses-sdk
INJECTED from src/main/AndroidManifest.xml reason: use-sdk injection requested
INJECTED from src/main/AndroidManifest.xml
INJECTED from src/main/AndroidManifest.xml
MERGED from [com.android.support:multidex-instrumentation:1.0.3] AndroidManifest.xml:20:5-43
MERGED from [com.android.support:multidex-instrumentation:1.0.3] AndroidManifest.xml:20:5-43
MERGED from [com.android.support:multidex:1.0.3] AndroidManifest.xml:20:5-43
MERGED from [com.android.support:multidex:1.0.3] AndroidManifest.xml:20:5-43
MERGED from [com.devbrackets.android:exomedia:4.3.0] AndroidManifest.xml:7:5-9:41
MERGED from [com.devbrackets.android:exomedia:4.3.0] AndroidManifest.xml:7:5-9:41
MERGED from [com.google.android.exoplayer:exoplayer:2.9.6] AndroidManifest.xml:20:5-22:41
MERGED from [com.google.android.exoplayer:exoplayer:2.9.6] AndroidManifest.xml:20:5-22:41
MERGED from [com.cleveroad:audiovisualization:1.0.1] AndroidManifest.xml:7:5-9:41
MERGED from [com.cleveroad:audiovisualization:1.0.1] AndroidManifest.xml:7:5-9:41
MERGED from [com.squareup.picasso:picasso:2.71828] AndroidManifest.xml:5:5-44
MERGED from [com.squareup.picasso:picasso:2.71828] AndroidManifest.xml:5:5-44
MERGED from [com.onesignal:OneSignal:3.13.0] AndroidManifest.xml:4:5-44
MERGED from [com.onesignal:OneSignal:3.13.0] AndroidManifest.xml:4:5-44
MERGED from [com.github.bumptech.glide:glide:4.8.0] AndroidManifest.xml:6:5-8:41
MERGED from [com.github.bumptech.glide:glide:4.8.0] AndroidManifest.xml:6:5-8:41
MERGED from [com.duolingo.open:rtl-viewpager:1.0.2] AndroidManifest.xml:21:5-23:41
MERGED from [com.duolingo.open:rtl-viewpager:1.0.2] AndroidManifest.xml:21:5-23:41
MERGED from [com.github.chrisbanes:PhotoView:1.3.0] AndroidManifest.xml:8:5-10:41